<?xml version="1.0" encoding="UTF-8"?>
<!-- Generated by org.testng.reporters.JUnitReportReporter -->
<testsuite skipped="0" hostname="DESKTOP-42M9JTP" name="testRunner.RunTesterClass" tests="10" failures="0" timestamp="2021-02-22T20:59:40 IST" time="63.495" errors="0">
  <testcase name="runScenario" time="1.483" classname="testRunner.RunTesterClass"/>
  <system-out/>
  <testcase name="runScenario" time="2.257" classname="testRunner.RunTesterClass"/>
  <system-out/>
  <testcase name="runScenario" time="0.824" classname="testRunner.RunTesterClass"/>
  <system-out/>
  <testcase name="runScenario" time="3.478" classname="testRunner.RunTesterClass"/>
  <system-out/>
  <testcase name="runScenario" time="40.605" classname="testRunner.RunTesterClass"/>
  <system-out/>
  <testcase name="runScenario" time="5.858" classname="testRunner.RunTesterClass"/>
  <system-out/>
  <testcase name="runScenario" time="0.790" classname="testRunner.RunTesterClass"/>
  <system-out/>
  <testcase name="runScenario" time="2.213" classname="testRunner.RunTesterClass"/>
  <system-out/>
  <testcase name="runScenario" time="4.527" classname="testRunner.RunTesterClass"/>
  <system-out/>
  <testcase name="runScenario" time="1.460" classname="testRunner.RunTesterClass"/>
  <system-out/>
</testsuite> <!-- testRunner.RunTesterClass -->
